#
# A fatal error has been detected by the Java Runtime Environment:
#
#  Internal Error (javaClasses.cpp:136), pid=3348, tid=5060
#  fatal error: Invalid layout of preloaded class
#
# JRE version:  (7.0_51-b13) (build )
# Java VM: Java HotSpot(TM) Client VM (24.51-b03 mixed mode windows-x86 )
# Failed to write core dump. Minidumps are not enabled by default on client versions of Windows
#
# If you would like to submit a bug report, please visit:
#   http://bugreport.sun.com/bugreport/crash.jsp
#

---------------  T H R E A D  ---------------

Current thread (0x00fbc800):  JavaThread "Unknown thread" [_thread_in_vm, id=5060, stack(0x00f40000,0x00f90000)]

Stack: [0x00f40000,0x00f90000],  sp=0x00f8f424,  free space=317k
Native frames: (J=compiled Java code, j=interpreted, Vv=VM code, C=native code)
V  [jvm.dll+0x18e0f1]
V  [jvm.dll+0x187e66]
V  [jvm.dll+0x3586a]
V  [jvm.dll+0x358f6]
V  [jvm.dll+0x4400d]
V  [jvm.dll+0x442be]
V  [jvm.dll+0x9263a]
V  [jvm.dll+0x929eb]
V  [jvm.dll+0x13dc51]
V  [jvm.dll+0x16076c]
V  [jvm.dll+0xc8ebf]
C  [javaw.exe+0x13ce]
C  [javaw.exe+0x1e40]
C  [javaw.exe+0xa5b1]
C  [javaw.exe+0xa63b]
C  [kernel32.dll+0x1338a]
C  [ntdll.dll+0x39f72]
C  [ntdll.dll+0x39f45]


---------------  P R O C E S S  ---------------

Java Threads: ( => current thread )

Other Threads:

=>0x00fbc800 (exited) JavaThread "Unknown thread" [_thread_in_vm, id=5060, stack(0x00f40000,0x00f90000)]

VM state:not at safepoint (not fully initialized)

VM Mutex/Monitor currently owned by a thread: None

GC Heap History (0 events):
No events

Deoptimization events (0 events):
No events

Internal exceptions (0 events):
No events

Events (10 events):
Event: 0.007 loading class 0x00353bd0 done
Event: 0.007 loading class 0x00353660 done
Event: 0.007 loading class 0x00353640
Event: 0.007 loading class 0x0035a968
Event: 0.007 loading class 0x0035a968 done
Event: 0.007 loading class 0x0035a998
Event: 0.007 loading class 0x0035a998 done
Event: 0.007 loading class 0x0035a9c8
Event: 0.007 loading class 0x0035a9c8 done
Event: 0.007 loading class 0x00353640 done


Dynamic libraries:
0x013e0000 - 0x0140f000 	C:\Program Files (x86)\Java\jre7\bin\javaw.exe
0x777e0000 - 0x77960000 	C:\Windows\SysWOW64\ntdll.dll
0x75270000 - 0x75380000 	C:\Windows\syswow64\kernel32.dll
0x767c0000 - 0x76807000 	C:\Windows\syswow64\KERNELBASE.dll
0x75870000 - 0x75910000 	C:\Windows\syswow64\ADVAPI32.dll
0x76560000 - 0x7660c000 	C:\Windows\syswow64\msvcrt.dll
0x75480000 - 0x75499000 	C:\Windows\SysWOW64\sechost.dll
0x75390000 - 0x75480000 	C:\Windows\syswow64\RPCRT4.dll
0x75210000 - 0x75270000 	C:\Windows\syswow64\SspiCli.dll
0x75200000 - 0x7520c000 	C:\Windows\syswow64\CRYPTBASE.dll
0x76b90000 - 0x76c90000 	C:\Windows\syswow64\USER32.dll
0x76ca0000 - 0x76d30000 	C:\Windows\syswow64\GDI32.dll
0x76990000 - 0x7699a000 	C:\Windows\syswow64\LPK.dll
0x754a0000 - 0x7553d000 	C:\Windows\syswow64\USP10.dll
0x72720000 - 0x728be000 	C:\Windows\WinSxS\x86_microsoft.windows.common-controls_6595b64144ccf1df_6.0.7601.17514_none_41e6975e2bd6f2b2\COMCTL32.dll
0x76920000 - 0x76977000 	C:\Windows\syswow64\SHLWAPI.dll
0x76d30000 - 0x76d90000 	C:\Windows\system32\IMM32.DLL
0x77280000 - 0x7734c000 	C:\Windows\syswow64\MSCTF.dll
0x72b90000 - 0x72bb9000 	C:\Windows\SysWOW64\nvinit.dll
0x0f000000 - 0x0f006000 	C:\Program Files (x86)\NVIDIA Corporation\CoProcManager\_etoured.dll
0x70f30000 - 0x70f83000 	C:\Program Files (x86)\NVIDIA Corporation\CoProcManager\nvd3d9wrap.dll
0x76620000 - 0x767bd000 	C:\Windows\syswow64\SETUPAPI.dll
0x76d90000 - 0x76db7000 	C:\Windows\syswow64\CFGMGR32.dll
0x769b0000 - 0x76a3f000 	C:\Windows\syswow64\OLEAUT32.dll
0x75560000 - 0x756bc000 	C:\Windows\syswow64\ole32.dll
0x76dc0000 - 0x76dd2000 	C:\Windows\syswow64\DEVOBJ.dll
0x70ef0000 - 0x70f2b000 	C:\Program Files (x86)\NVIDIA Corporation\CoProcManager\nvdxgiwrap.dll
0x78980000 - 0x78a3f000 	C:\Program Files (x86)\Java\jre7\bin\msvcr100.dll
0x5afa0000 - 0x5b320000 	C:\Program Files (x86)\Java\jre7\bin\client\jvm.dll
0x722b0000 - 0x722b7000 	C:\Windows\system32\WSOCK32.dll
0x75830000 - 0x75865000 	C:\Windows\syswow64\WS2_32.dll
0x76980000 - 0x76986000 	C:\Windows\syswow64\NSI.dll
0x71b40000 - 0x71b72000 	C:\Windows\system32\WINMM.dll
0x76c90000 - 0x76c95000 	C:\Windows\syswow64\PSAPI.DLL
0x71550000 - 0x7155c000 	C:\Program Files (x86)\Java\jre7\bin\verify.dll
0x71030000 - 0x71050000 	C:\Program Files (x86)\Java\jre7\bin\java.dll
0x70d50000 - 0x70d63000 	C:\Program Files (x86)\Java\jre7\bin\zip.dll
0x622a0000 - 0x6238b000 	C:\Windows\system32\dbghelp.dll

VM Arguments:
jvm_args: -Dfile.encoding=Cp1252 -Xbootclasspath:C:\Users\Domi\Desktop\Studium\Eclipse\Android\adt-bundle-windows-x86-20131030\sdk\platforms\android-19\android.jar 
java_command: org.eclipse.jdt.internal.junit.runner.RemoteTestRunner -version 3 -port 54470 -testLoaderClass org.eclipse.jdt.internal.junit4.runner.JUnit4TestLoader -loaderpluginname org.eclipse.jdt.junit4.runtime -classNames de.hfu.meetme.junittests.AllTests
Launcher Type: SUN_STANDARD

Environment Variables:
PATH=C:/Program Files (x86)/Java/jre7/bin/client;C:/Program Files (x86)/Java/jre7/bin;C:/Program Files (x86)/Java/jre7/lib/i386;C:\Program Files (x86)\NVIDIA Corporation\PhysX\Common;C:\Program Files\Common Files\Microsoft Shared\Windows Live;C:\Program Files (x86)\Common Files\Microsoft Shared\Windows Live;C:\Windows\system32;C:\Windows;C:\Windows\System32\Wbem;C:\Windows\System32\WindowsPowerShell\v1.0\;C:\Program Files (x86)\Windows Live\Shared;;C:\Program Files\Intel\WiFi\bin\;C:\Program Files\Common Files\Intel\WirelessCommon\;C:\MinGW\bin;C:\Program Files (x86)\Microsoft SQL Server\100\Tools\Binn\;C:\Program Files\Microsoft SQL Server\100\Tools\Binn\;C:\Program Files\Microsoft SQL Server\100\DTS\Binn\;C:\Program Files (x86)\Java\jdk1.7.0_07\bin;C:\VXIPNP\WinNT\Bin;C:\Program Files (x86)\leJOS NXJ\bin;C:\Program Files (x86)\MiKTeX 2.9\miktex\bin\;C:\Users\Domi\Desktop\Studium\Eclipse\CDT\workspace\3rd_Party_Bibliotheken\gtk\bin;C:\Users\Domi\Desktop\Studium\Eclipse\Android\adt-bundle-windows-x86-20131030\eclipse;
USERNAME=Domi
OS=Windows_NT
PROCESSOR_IDENTIFIER=Intel64 Family 6 Model 42 Stepping 7, GenuineIntel



---------------  S Y S T E M  ---------------

OS: Windows 7 , 64 bit Build 7601 Service Pack 1

CPU:total 8 (4 cores per cpu, 2 threads per core) family 6 model 42 stepping 7, cmov, cx8, fxsr, mmx, sse, sse2, sse3, ssse3, sse4.1, sse4.2, popcnt, avx, aes, ht, tsc, tscinvbit

Memory: 4k page, physical 8297160k(4850080k free), swap 16592456k(12699216k free)

vm_info: Java HotSpot(TM) Client VM (24.51-b03) for windows-x86 JRE (1.7.0_51-b13), built on Dec 18 2013 19:09:58 by "java_re" with unknown MS VC++:1600

time: Sun May 11 17:53:40 2014
elapsed time: 0 seconds

